0 silly input [ 'test' ]
1 silly flags { _: [ 'run' ],
1 silly flags   'reject-cycles': false,
1 silly flags   rejectCycles: false,
1 silly flags   script: 'test',
1 silly flags   args: [] }
2 verbose rootPath /Users/johannesmerz/Documents/workspace/so/babel-helpers
3 info version 2.11.0
4 silly existsSync /Users/johannesmerz/Documents/workspace/so/babel-helpers/VERSION
5 silly initialize attempt
6 silly initialize success
7 silly execute attempt
8 silly runScriptInDir test [] app
9 silly getExecOpts { cwd: '/Users/johannesmerz/Documents/workspace/so/babel-helpers/packages/app' }
10 error test Errored while running script in 'app'
11 error execute callback with error
12 error Error: Command failed: npm run test
12 error FAIL src/index.spec.js
12 error   â— Test suite failed to run
12 error
12 error     ReferenceError: babelHelpers is not defined
12 error
12 error       1 | (function (global, factory) {
12 error     > 2 | 	typeof exports === 'object' && typeof module !== 'undefined' ? factory() :
12 error         | 	^
12 error       3 | 	typeof define === 'function' && define.amd ? define(factory) :
12 error       4 | 	(factory());
12 error       5 | }(this, (function () { 'use strict';
12 error
12 error       at ../es6-package/dist/index.js:2:2
12 error       at Object.<anonymous> (../es6-package/dist/index.js:1:2)
12 error       at Object.<anonymous> (src/index.js:1:1)
12 error       at Object.<anonymous> (src/index.spec.js:1:1)
12 error
12 error Test Suites: 1 failed, 1 total
12 error Tests:       0 total
12 error Snapshots:   0 total
12 error Time:        0.778s
12 error Ran all test suites.
12 error npm ERR! code ELIFECYCLE
12 error npm ERR! errno 1
12 error npm ERR! app@1.0.0 test: `jest`
12 error npm ERR! Exit status 1
12 error npm ERR!
12 error npm ERR! Failed at the app@1.0.0 test script.
12 error npm ERR! This is probably not a problem with npm. There is likely additional logging output above.
12 error
12 error npm ERR! A complete log of this run can be found in:
12 error npm ERR!     /Users/johannesmerz/.npm/_logs/2018-06-13T15_14_57_273Z-debug.log
12 error
12 error > app@1.0.0 test /Users/johannesmerz/Documents/workspace/so/babel-helpers/packages/app
12 error > jest
12 error
12 error
12 error     at Promise.all.then.arr (/Users/johannesmerz/.config/yarn/global/node_modules/lerna/node_modules/execa/index.js:236:11)
12 error     at <anonymous>
